<?xml version="1.0" encoding="UTF-8"?>
<testsuite xmlns:xsi="http://www.w3.org/2001/XMLSchema-instance" xsi:noNamespaceSchemaLocation="https://maven.apache.org/surefire/maven-surefire-plugin/xsd/surefire-test-report-3.0.xsd" version="3.0" name="io.examples.helidon.nima.BlockingServiceTest" time="6.494" tests="5" errors="0" skipped="0" failures="0">
  <properties>
    <property name="java.specification.version" value="19"/>
    <property name="sun.jnu.encoding" value="UTF-8"/>
    <property name="java.class.path" value="/home/mao/mao/java/virtual-threads-benchmark-t/java-nima/nima/target/test-classes:/home/mao/mao/java/virtual-threads-benchmark-t/java-nima/nima/target/classes:/home/mao/.m2/repository/io/helidon/nima/webserver/helidon-nima-webserver/4.0.0-ALPHA2/helidon-nima-webserver-4.0.0-ALPHA2.jar:/home/mao/.m2/repository/io/helidon/common/helidon-common-http/4.0.0-ALPHA2/helidon-common-http-4.0.0-ALPHA2.jar:/home/mao/.m2/repository/io/helidon/common/helidon-common/4.0.0-ALPHA2/helidon-common-4.0.0-ALPHA2.jar:/home/mao/.m2/repository/io/helidon/common/helidon-common-buffers/4.0.0-ALPHA2/helidon-common-buffers-4.0.0-ALPHA2.jar:/home/mao/.m2/repository/io/helidon/common/helidon-common-mapper/4.0.0-ALPHA2/helidon-common-mapper-4.0.0-ALPHA2.jar:/home/mao/.m2/repository/io/helidon/common/helidon-common-media-type/4.0.0-ALPHA2/helidon-common-media-type-4.0.0-ALPHA2.jar:/home/mao/.m2/repository/io/helidon/common/helidon-common-uri/4.0.0-ALPHA2/helidon-common-uri-4.0.0-ALPHA2.jar:/home/mao/.m2/repository/io/helidon/common/helidon-common-parameters/4.0.0-ALPHA2/helidon-common-parameters-4.0.0-ALPHA2.jar:/home/mao/.m2/repository/io/helidon/common/helidon-common-socket/4.0.0-ALPHA2/helidon-common-socket-4.0.0-ALPHA2.jar:/home/mao/.m2/repository/io/helidon/common/helidon-common-key-util/4.0.0-ALPHA2/helidon-common-key-util-4.0.0-ALPHA2.jar:/home/mao/.m2/repository/io/helidon/common/helidon-common-configurable/4.0.0-ALPHA2/helidon-common-configurable-4.0.0-ALPHA2.jar:/home/mao/.m2/repository/io/helidon/common/helidon-common-context/4.0.0-ALPHA2/helidon-common-context-4.0.0-ALPHA2.jar:/home/mao/.m2/repository/io/helidon/nima/common/helidon-nima-common-tls/4.0.0-ALPHA2/helidon-nima-common-tls-4.0.0-ALPHA2.jar:/home/mao/.m2/repository/io/helidon/nima/http/media/helidon-nima-http-media/4.0.0-ALPHA2/helidon-nima-http-media-4.0.0-ALPHA2.jar:/home/mao/.m2/repository/io/helidon/nima/http/encoding/helidon-nima-http-encoding/4.0.0-ALPHA2/helidon-nima-http-encoding-4.0.0-ALPHA2.jar:/home/mao/.m2/repository/io/helidon/nima/webclient/helidon-nima-webclient/4.0.0-ALPHA2/helidon-nima-webclient-4.0.0-ALPHA2.jar:/home/mao/.m2/repository/io/helidon/nima/http2/helidon-nima-http2-webserver/4.0.0-ALPHA2/helidon-nima-http2-webserver-4.0.0-ALPHA2.jar:/home/mao/.m2/repository/io/helidon/nima/http2/helidon-nima-http2/4.0.0-ALPHA2/helidon-nima-http2-4.0.0-ALPHA2.jar:/home/mao/.m2/repository/io/helidon/nima/testing/junit5/helidon-nima-testing-junit5-webserver/4.0.0-ALPHA2/helidon-nima-testing-junit5-webserver-4.0.0-ALPHA2.jar:/home/mao/.m2/repository/io/helidon/common/testing/helidon-common-testing-http-junit5/4.0.0-ALPHA2/helidon-common-testing-http-junit5-4.0.0-ALPHA2.jar:/home/mao/.m2/repository/io/helidon/common/testing/helidon-common-testing-junit5/4.0.0-ALPHA2/helidon-common-testing-junit5-4.0.0-ALPHA2.jar:/home/mao/.m2/repository/io/helidon/config/helidon-config-yaml/4.0.0-ALPHA2/helidon-config-yaml-4.0.0-ALPHA2.jar:/home/mao/.m2/repository/org/yaml/snakeyaml/1.32/snakeyaml-1.32.jar:/home/mao/.m2/repository/jakarta/annotation/jakarta.annotation-api/2.0.0/jakarta.annotation-api-2.0.0.jar:/home/mao/.m2/repository/org/junit/jupiter/junit-jupiter-api/5.7.0/junit-jupiter-api-5.7.0.jar:/home/mao/.m2/repository/org/apiguardian/apiguardian-api/1.1.0/apiguardian-api-1.1.0.jar:/home/mao/.m2/repository/org/opentest4j/opentest4j/1.2.0/opentest4j-1.2.0.jar:/home/mao/.m2/repository/org/junit/platform/junit-platform-commons/1.7.0/junit-platform-commons-1.7.0.jar:/home/mao/.m2/repository/org/hamcrest/hamcrest-all/1.3/hamcrest-all-1.3.jar:/home/mao/.m2/repository/io/helidon/nima/http2/helidon-nima-http2-webclient/4.0.0-ALPHA2/helidon-nima-http2-webclient-4.0.0-ALPHA2.jar:/home/mao/.m2/repository/io/helidon/nima/http/media/helidon-nima-http-media-jsonp/4.0.0-ALPHA2/helidon-nima-http-media-jsonp-4.0.0-ALPHA2.jar:/home/mao/.m2/repository/org/eclipse/parsson/parsson/1.0.2/parsson-1.0.2.jar:/home/mao/.m2/repository/jakarta/json/jakarta.json-api/2.0.1/jakarta.json-api-2.0.1.jar:/home/mao/.m2/repository/io/helidon/nima/observe/helidon-nima-observe-health/4.0.0-ALPHA2/helidon-nima-observe-health-4.0.0-ALPHA2.jar:/home/mao/.m2/repository/io/helidon/nima/observe/helidon-nima-observe/4.0.0-ALPHA2/helidon-nima-observe-4.0.0-ALPHA2.jar:/home/mao/.m2/repository/io/helidon/nima/helidon-nima/4.0.0-ALPHA2/helidon-nima-4.0.0-ALPHA2.jar:/home/mao/.m2/repository/io/helidon/nima/webserver/helidon-nima-webserver-cors/4.0.0-ALPHA2/helidon-nima-webserver-cors-4.0.0-ALPHA2.jar:/home/mao/.m2/repository/io/helidon/health/helidon-health/4.0.0-ALPHA2/helidon-health-4.0.0-ALPHA2.jar:/home/mao/.m2/repository/io/helidon/nima/service-common/helidon-nima-service-common/4.0.0-ALPHA2/helidon-nima-service-common-4.0.0-ALPHA2.jar:/home/mao/.m2/repository/io/helidon/health/helidon-health-checks/4.0.0-ALPHA2/helidon-health-checks-4.0.0-ALPHA2.jar:/home/mao/.m2/repository/io/helidon/config/helidon-config/4.0.0-ALPHA2/helidon-config-4.0.0-ALPHA2.jar:/home/mao/.m2/repository/io/helidon/common/helidon-common-config/4.0.0-ALPHA2/helidon-common-config-4.0.0-ALPHA2.jar:/home/mao/.m2/repository/io/helidon/logging/helidon-logging-jul/4.0.0-ALPHA2/helidon-logging-jul-4.0.0-ALPHA2.jar:/home/mao/.m2/repository/io/helidon/logging/helidon-logging-common/4.0.0-ALPHA2/helidon-logging-common-4.0.0-ALPHA2.jar:"/>
    <property name="java.vm.vendor" value="GraalVM Community"/>
    <property name="sun.arch.data.model" value="64"/>
    <property name="java.vendor.url" value="https://www.graalvm.org/"/>
    <property name="user.timezone" value="America/Bogota"/>
    <property name="os.name" value="Linux"/>
    <property name="java.vm.specification.version" value="19"/>
    <property name="sun.java.launcher" value="SUN_STANDARD"/>
    <property name="sun.boot.library.path" value="/home/mao/.sdkman/candidates/java/22.3.r19-grl/lib"/>
    <property name="sun.java.command" value="/home/mao/mao/java/virtual-threads-benchmark-t/java-nima/nima/target/surefire/surefirebooter6956364582593363805.jar /home/mao/mao/java/virtual-threads-benchmark-t/java-nima/nima/target/surefire 2023-01-15T23-32-16_121-jvmRun1 surefire6106970155576404112tmp surefire_03000243059987900219tmp"/>
    <property name="jdk.debug" value="release"/>
    <property name="surefire.test.class.path" value="/home/mao/mao/java/virtual-threads-benchmark-t/java-nima/nima/target/test-classes:/home/mao/mao/java/virtual-threads-benchmark-t/java-nima/nima/target/classes:/home/mao/.m2/repository/io/helidon/nima/webserver/helidon-nima-webserver/4.0.0-ALPHA2/helidon-nima-webserver-4.0.0-ALPHA2.jar:/home/mao/.m2/repository/io/helidon/common/helidon-common-http/4.0.0-ALPHA2/helidon-common-http-4.0.0-ALPHA2.jar:/home/mao/.m2/repository/io/helidon/common/helidon-common/4.0.0-ALPHA2/helidon-common-4.0.0-ALPHA2.jar:/home/mao/.m2/repository/io/helidon/common/helidon-common-buffers/4.0.0-ALPHA2/helidon-common-buffers-4.0.0-ALPHA2.jar:/home/mao/.m2/repository/io/helidon/common/helidon-common-mapper/4.0.0-ALPHA2/helidon-common-mapper-4.0.0-ALPHA2.jar:/home/mao/.m2/repository/io/helidon/common/helidon-common-media-type/4.0.0-ALPHA2/helidon-common-media-type-4.0.0-ALPHA2.jar:/home/mao/.m2/repository/io/helidon/common/helidon-common-uri/4.0.0-ALPHA2/helidon-common-uri-4.0.0-ALPHA2.jar:/home/mao/.m2/repository/io/helidon/common/helidon-common-parameters/4.0.0-ALPHA2/helidon-common-parameters-4.0.0-ALPHA2.jar:/home/mao/.m2/repository/io/helidon/common/helidon-common-socket/4.0.0-ALPHA2/helidon-common-socket-4.0.0-ALPHA2.jar:/home/mao/.m2/repository/io/helidon/common/helidon-common-key-util/4.0.0-ALPHA2/helidon-common-key-util-4.0.0-ALPHA2.jar:/home/mao/.m2/repository/io/helidon/common/helidon-common-configurable/4.0.0-ALPHA2/helidon-common-configurable-4.0.0-ALPHA2.jar:/home/mao/.m2/repository/io/helidon/common/helidon-common-context/4.0.0-ALPHA2/helidon-common-context-4.0.0-ALPHA2.jar:/home/mao/.m2/repository/io/helidon/nima/common/helidon-nima-common-tls/4.0.0-ALPHA2/helidon-nima-common-tls-4.0.0-ALPHA2.jar:/home/mao/.m2/repository/io/helidon/nima/http/media/helidon-nima-http-media/4.0.0-ALPHA2/helidon-nima-http-media-4.0.0-ALPHA2.jar:/home/mao/.m2/repository/io/helidon/nima/http/encoding/helidon-nima-http-encoding/4.0.0-ALPHA2/helidon-nima-http-encoding-4.0.0-ALPHA2.jar:/home/mao/.m2/repository/io/helidon/nima/webclient/helidon-nima-webclient/4.0.0-ALPHA2/helidon-nima-webclient-4.0.0-ALPHA2.jar:/home/mao/.m2/repository/io/helidon/nima/http2/helidon-nima-http2-webserver/4.0.0-ALPHA2/helidon-nima-http2-webserver-4.0.0-ALPHA2.jar:/home/mao/.m2/repository/io/helidon/nima/http2/helidon-nima-http2/4.0.0-ALPHA2/helidon-nima-http2-4.0.0-ALPHA2.jar:/home/mao/.m2/repository/io/helidon/nima/testing/junit5/helidon-nima-testing-junit5-webserver/4.0.0-ALPHA2/helidon-nima-testing-junit5-webserver-4.0.0-ALPHA2.jar:/home/mao/.m2/repository/io/helidon/common/testing/helidon-common-testing-http-junit5/4.0.0-ALPHA2/helidon-common-testing-http-junit5-4.0.0-ALPHA2.jar:/home/mao/.m2/repository/io/helidon/common/testing/helidon-common-testing-junit5/4.0.0-ALPHA2/helidon-common-testing-junit5-4.0.0-ALPHA2.jar:/home/mao/.m2/repository/io/helidon/config/helidon-config-yaml/4.0.0-ALPHA2/helidon-config-yaml-4.0.0-ALPHA2.jar:/home/mao/.m2/repository/org/yaml/snakeyaml/1.32/snakeyaml-1.32.jar:/home/mao/.m2/repository/jakarta/annotation/jakarta.annotation-api/2.0.0/jakarta.annotation-api-2.0.0.jar:/home/mao/.m2/repository/org/junit/jupiter/junit-jupiter-api/5.7.0/junit-jupiter-api-5.7.0.jar:/home/mao/.m2/repository/org/apiguardian/apiguardian-api/1.1.0/apiguardian-api-1.1.0.jar:/home/mao/.m2/repository/org/opentest4j/opentest4j/1.2.0/opentest4j-1.2.0.jar:/home/mao/.m2/repository/org/junit/platform/junit-platform-commons/1.7.0/junit-platform-commons-1.7.0.jar:/home/mao/.m2/repository/org/hamcrest/hamcrest-all/1.3/hamcrest-all-1.3.jar:/home/mao/.m2/repository/io/helidon/nima/http2/helidon-nima-http2-webclient/4.0.0-ALPHA2/helidon-nima-http2-webclient-4.0.0-ALPHA2.jar:/home/mao/.m2/repository/io/helidon/nima/http/media/helidon-nima-http-media-jsonp/4.0.0-ALPHA2/helidon-nima-http-media-jsonp-4.0.0-ALPHA2.jar:/home/mao/.m2/repository/org/eclipse/parsson/parsson/1.0.2/parsson-1.0.2.jar:/home/mao/.m2/repository/jakarta/json/jakarta.json-api/2.0.1/jakarta.json-api-2.0.1.jar:/home/mao/.m2/repository/io/helidon/nima/observe/helidon-nima-observe-health/4.0.0-ALPHA2/helidon-nima-observe-health-4.0.0-ALPHA2.jar:/home/mao/.m2/repository/io/helidon/nima/observe/helidon-nima-observe/4.0.0-ALPHA2/helidon-nima-observe-4.0.0-ALPHA2.jar:/home/mao/.m2/repository/io/helidon/nima/helidon-nima/4.0.0-ALPHA2/helidon-nima-4.0.0-ALPHA2.jar:/home/mao/.m2/repository/io/helidon/nima/webserver/helidon-nima-webserver-cors/4.0.0-ALPHA2/helidon-nima-webserver-cors-4.0.0-ALPHA2.jar:/home/mao/.m2/repository/io/helidon/health/helidon-health/4.0.0-ALPHA2/helidon-health-4.0.0-ALPHA2.jar:/home/mao/.m2/repository/io/helidon/nima/service-common/helidon-nima-service-common/4.0.0-ALPHA2/helidon-nima-service-common-4.0.0-ALPHA2.jar:/home/mao/.m2/repository/io/helidon/health/helidon-health-checks/4.0.0-ALPHA2/helidon-health-checks-4.0.0-ALPHA2.jar:/home/mao/.m2/repository/io/helidon/config/helidon-config/4.0.0-ALPHA2/helidon-config-4.0.0-ALPHA2.jar:/home/mao/.m2/repository/io/helidon/common/helidon-common-config/4.0.0-ALPHA2/helidon-common-config-4.0.0-ALPHA2.jar:/home/mao/.m2/repository/io/helidon/logging/helidon-logging-jul/4.0.0-ALPHA2/helidon-logging-jul-4.0.0-ALPHA2.jar:/home/mao/.m2/repository/io/helidon/logging/helidon-logging-common/4.0.0-ALPHA2/helidon-logging-common-4.0.0-ALPHA2.jar:"/>
    <property name="sun.cpu.endian" value="little"/>
    <property name="user.home" value="/home/mao"/>
    <property name="user.language" value="en"/>
    <property name="java.specification.vendor" value="Oracle Corporation"/>
    <property name="java.version.date" value="2022-10-18"/>
    <property name="java.home" value="/home/mao/.sdkman/candidates/java/22.3.r19-grl"/>
    <property name="file.separator" value="/"/>
    <property name="basedir" value="/home/mao/mao/java/virtual-threads-benchmark-t/java-nima/nima"/>
    <property name="java.vm.compressedOopsMode" value="Zero based"/>
    <property name="jdk.internal.vm.ci.enabled" value="true"/>
    <property name="line.separator" value="&#10;"/>
    <property name="java.specification.name" value="Java Platform API Specification"/>
    <property name="java.vm.specification.vendor" value="Oracle Corporation"/>
    <property name="surefire.real.class.path" value="/home/mao/mao/java/virtual-threads-benchmark-t/java-nima/nima/target/surefire/surefirebooter6956364582593363805.jar"/>
    <property name="sun.management.compiler" value="HotSpot 64-Bit Tiered Compilers"/>
    <property name="java.runtime.version" value="19.0.1+10-jvmci-22.3-b08"/>
    <property name="user.name" value="mao"/>
    <property name="stdout.encoding" value="UTF-8"/>
    <property name="path.separator" value=":"/>
    <property name="os.version" value="5.10.16.3-microsoft-standard-WSL2"/>
    <property name="java.runtime.name" value="OpenJDK Runtime Environment"/>
    <property name="file.encoding" value="UTF-8"/>
    <property name="java.vm.name" value="OpenJDK 64-Bit Server VM"/>
    <property name="java.vendor.version" value="GraalVM CE 22.3.0"/>
    <property name="localRepository" value="/home/mao/.m2/repository"/>
    <property name="java.vendor.url.bug" value="https://github.com/oracle/graal/issues"/>
    <property name="java.io.tmpdir" value="/tmp"/>
    <property name="java.version" value="19.0.1"/>
    <property name="user.dir" value="/home/mao/mao/java/virtual-threads-benchmark-t/java-nima/nima"/>
    <property name="os.arch" value="amd64"/>
    <property name="java.vm.specification.name" value="Java Virtual Machine Specification"/>
    <property name="native.encoding" value="UTF-8"/>
    <property name="java.library.path" value="/usr/java/packages/lib:/usr/lib64:/lib64:/lib:/usr/lib"/>
    <property name="java.vm.info" value="mixed mode, sharing"/>
    <property name="stderr.encoding" value="UTF-8"/>
    <property name="java.vendor" value="GraalVM Community"/>
    <property name="java.vm.version" value="19.0.1+10-jvmci-22.3-b08"/>
    <property name="sun.io.unicode.encoding" value="UnicodeLittle"/>
    <property name="java.class.version" value="63.0"/>
  </properties>
  <testcase name="testParallelParam" classname="io.examples.helidon.nima.BlockingServiceTest" time="0.957">
    <system-out><![CDATA[remote_5, remote_6, remote_9, remote_2, remote_1, remote_7, remote_4, remote_3, remote_8, remote_10, remote_11
]]></system-out>
    <system-err><![CDATA[2023.01.15 23:32:17.123 Logging at initialization configured using classpath: /logging.properties
]]></system-err>
  </testcase>
  <testcase name="testOne" classname="io.examples.helidon.nima.BlockingServiceTest" time="0.451"/>
  <testcase name="testSequenceParam" classname="io.examples.helidon.nima.BlockingServiceTest" time="3.52">
    <system-out><![CDATA[remote_13, remote_14, remote_15, remote_16, remote_17, remote_18, remote_19, remote_20, remote_21, remote_22, remote_23
]]></system-out>
  </testcase>
  <testcase name="testParallel" classname="io.examples.helidon.nima.BlockingServiceTest" time="0.395">
    <system-out><![CDATA[remote_26, remote_25, remote_24
]]></system-out>
  </testcase>
  <testcase name="testSequence" classname="io.examples.helidon.nima.BlockingServiceTest" time="0.839">
    <system-out><![CDATA[remote_27, remote_28, remote_29
]]></system-out>
  </testcase>
</testsuite>